<?xml version="1.0" encoding="UTF-8"?>
<!-- Generated by org.testng.reporters.JUnitReportReporter -->
<testsuite hostname="sys" failures="0" tests="2" name="tests.TestClass1" time="0.021" errors="0" timestamp="2021-05-20T20:09:35 IST" skipped="0">
  <testcase classname="tests.TestClass1" name="test1" time="0.015"/>
  <system-out/>
  <testcase classname="tests.TestClass1" name="test2" time="0.006"/>
  <system-out/>
</testsuite> <!-- tests.TestClass1 -->
