<?xml version="1.0" encoding="UTF-8"?>
<!-- Generated by org.testng.reporters.JUnitReportReporter -->
<testsuite hostname="sys" failures="0" tests="3" name="tests.TestClass3" time="0.024" errors="0" timestamp="2021-05-20T20:25:38 IST" skipped="0">
  <testcase classname="tests.TestClass3" name="test5" time="0.002"/>
  <system-out/>
  <testcase classname="tests.TestClass3" name="test5" time="0.005"/>
  <system-out/>
  <testcase classname="tests.TestClass3" name="test5" time="0.017"/>
  <system-out/>
</testsuite> <!-- tests.TestClass3 -->
