<?xml version="1.0" encoding="UTF-8"?>
<!-- Generated by org.testng.reporters.JUnitReportReporter -->
<testsuite hostname="sys" failures="0" tests="2" name="tests.TestClass2" time="0.022" errors="0" timestamp="2021-05-19T20:51:52 IST" skipped="0">
  <testcase classname="tests.TestClass2" name="test3" time="0.010"/>
  <system-out/>
  <testcase classname="tests.TestClass2" name="test4" time="0.012"/>
  <system-out/>
</testsuite> <!-- tests.TestClass2 -->
